[0.115s] DEBUG:colcon:Command line arguments: ['/usr/bin/colcon', 'build', '--packages-select', 'turtlesimsim_catch_them_all_cpp']
[0.115s] DEBUG:colcon:Parsed command line arguments: Namespace(allow_overriding=[], ament_cmake_args=None, base_paths=['.'], build_base='build', catkin_cmake_args=None, catkin_skip_building_tests=False, cmake_args=None, cmake_clean_cache=False, cmake_clean_first=False, cmake_force_configure=False, cmake_target=None, cmake_target_skip_unavailable=False, continue_on_error=False, event_handlers=None, executor='parallel', ignore_user_meta=False, install_base='install', log_base=None, log_level=None, main=<bound method BuildVerb.main of <colcon_core.verb.build.BuildVerb object at 0x7f81b6532e80>>, merge_install=False, metas=['./colcon.meta'], packages_above=None, packages_above_and_dependencies=None, packages_above_depth=None, packages_end=None, packages_ignore=None, packages_ignore_regex=None, packages_select=['turtlesimsim_catch_them_all_cpp'], packages_select_build_failed=False, packages_select_by_dep=None, packages_select_regex=None, packages_select_test_failures=False, packages_skip=None, packages_skip_build_finished=False, packages_skip_by_dep=None, packages_skip_regex=None, packages_skip_test_passed=False, packages_skip_up_to=None, packages_start=None, packages_up_to=None, packages_up_to_regex=None, parallel_workers=8, paths=None, symlink_install=False, test_result_base=None, verb_extension=<colcon_core.verb.build.BuildVerb object at 0x7f81b6532e80>, verb_name='build', verb_parser=<colcon_defaults.argument_parser.defaults.DefaultArgumentsDecorator object at 0x7f81b64b9430>)
[0.136s] Level 1:colcon.colcon_core.package_discovery:discover_packages(colcon_meta) check parameters
[0.136s] Level 1:colcon.colcon_core.package_discovery:discover_packages(recursive) check parameters
[0.136s] Level 1:colcon.colcon_core.package_discovery:discover_packages(ignore) check parameters
[0.136s] Level 1:colcon.colcon_core.package_discovery:discover_packages(path) check parameters
[0.136s] Level 1:colcon.colcon_core.package_discovery:discover_packages(colcon_meta) discover
[0.136s] Level 1:colcon.colcon_core.package_discovery:discover_packages(recursive) discover
[0.136s] INFO:colcon.colcon_core.package_discovery:Crawling recursively for packages in '/home/chaitu/workspace/ros2_ws/src/turtlesimsim_catch_them_all_cpp'
[0.136s] Level 1:colcon.colcon_core.package_identification:_identify(.) by extensions ['ignore', 'ignore_ament_install']
[0.136s] Level 1:colcon.colcon_core.package_identification:_identify(.) by extension 'ignore'
[0.136s] Level 1:colcon.colcon_core.package_identification:_identify(.) by extension 'ignore_ament_install'
[0.136s] Level 1:colcon.colcon_core.package_identification:_identify(.) by extensions ['colcon_pkg']
[0.136s] Level 1:colcon.colcon_core.package_identification:_identify(.) by extension 'colcon_pkg'
[0.136s] Level 1:colcon.colcon_core.package_identification:_identify(.) by extensions ['colcon_meta']
[0.136s] Level 1:colcon.colcon_core.package_identification:_identify(.) by extension 'colcon_meta'
[0.136s] Level 1:colcon.colcon_core.package_identification:_identify(.) by extensions ['ros']
[0.136s] Level 1:colcon.colcon_core.package_identification:_identify(.) by extension 'ros'
[0.147s] DEBUG:colcon.colcon_core.package_identification:Package '.' with type 'ros.ament_cmake' and name 'turtlesimsim_catch_them_all_cpp'
[0.147s] Level 1:colcon.colcon_core.package_discovery:discover_packages(recursive) using defaults
[0.148s] Level 1:colcon.colcon_core.package_discovery:discover_packages(ignore) discover
[0.148s] Level 1:colcon.colcon_core.package_discovery:discover_packages(ignore) using defaults
[0.148s] Level 1:colcon.colcon_core.package_discovery:discover_packages(path) discover
[0.148s] Level 1:colcon.colcon_core.package_discovery:discover_packages(path) using defaults
[0.162s] Level 1:colcon.colcon_core.package_discovery:discover_packages(prefix_path) check parameters
[0.162s] Level 1:colcon.colcon_core.package_discovery:discover_packages(prefix_path) discover
[0.165s] DEBUG:colcon.colcon_installed_package_information.package_discovery:Found 12 installed packages in /home/chaitu/workspace/ros2_ws/install
[0.166s] DEBUG:colcon.colcon_installed_package_information.package_discovery:Found 280 installed packages in /opt/ros/foxy
[0.176s] Level 1:colcon.colcon_core.package_discovery:discover_packages(prefix_path) using defaults
[0.245s] Level 5:colcon.colcon_core.verb:set package 'turtlesimsim_catch_them_all_cpp' build argument 'cmake_args' from command line to 'None'
[0.245s] Level 5:colcon.colcon_core.verb:set package 'turtlesimsim_catch_them_all_cpp' build argument 'cmake_target' from command line to 'None'
[0.245s] Level 5:colcon.colcon_core.verb:set package 'turtlesimsim_catch_them_all_cpp' build argument 'cmake_target_skip_unavailable' from command line to 'False'
[0.246s] Level 5:colcon.colcon_core.verb:set package 'turtlesimsim_catch_them_all_cpp' build argument 'cmake_clean_cache' from command line to 'False'
[0.246s] Level 5:colcon.colcon_core.verb:set package 'turtlesimsim_catch_them_all_cpp' build argument 'cmake_clean_first' from command line to 'False'
[0.246s] Level 5:colcon.colcon_core.verb:set package 'turtlesimsim_catch_them_all_cpp' build argument 'cmake_force_configure' from command line to 'False'
[0.246s] Level 5:colcon.colcon_core.verb:set package 'turtlesimsim_catch_them_all_cpp' build argument 'ament_cmake_args' from command line to 'None'
[0.246s] Level 5:colcon.colcon_core.verb:set package 'turtlesimsim_catch_them_all_cpp' build argument 'catkin_cmake_args' from command line to 'None'
[0.246s] Level 5:colcon.colcon_core.verb:set package 'turtlesimsim_catch_them_all_cpp' build argument 'catkin_skip_building_tests' from command line to 'False'
[0.246s] DEBUG:colcon.colcon_core.verb:Building package 'turtlesimsim_catch_them_all_cpp' with the following arguments: {'ament_cmake_args': None, 'build_base': '/home/chaitu/workspace/ros2_ws/src/turtlesimsim_catch_them_all_cpp/build/turtlesimsim_catch_them_all_cpp', 'catkin_cmake_args': None, 'catkin_skip_building_tests': False, 'cmake_args': None, 'cmake_clean_cache': False, 'cmake_clean_first': False, 'cmake_force_configure': False, 'cmake_target': None, 'cmake_target_skip_unavailable': False, 'install_base': '/home/chaitu/workspace/ros2_ws/src/turtlesimsim_catch_them_all_cpp/install/turtlesimsim_catch_them_all_cpp', 'merge_install': False, 'path': '/home/chaitu/workspace/ros2_ws/src/turtlesimsim_catch_them_all_cpp', 'symlink_install': False, 'test_result_base': None}
[0.246s] INFO:colcon.colcon_core.executor:Executing jobs using 'parallel' executor
[0.248s] DEBUG:colcon.colcon_parallel_executor.executor.parallel:run_until_complete
[0.248s] INFO:colcon.colcon_ros.task.ament_cmake.build:Building ROS package in '/home/chaitu/workspace/ros2_ws/src/turtlesimsim_catch_them_all_cpp' with build type 'ament_cmake'
[0.248s] INFO:colcon.colcon_cmake.task.cmake.build:Building CMake package in '/home/chaitu/workspace/ros2_ws/src/turtlesimsim_catch_them_all_cpp'
[0.251s] INFO:colcon.colcon_core.plugin_system:Skipping extension 'colcon_core.shell.bat': Not used on non-Windows systems
[0.251s] INFO:colcon.colcon_core.shell:Skip shell extension 'powershell' for command environment: Not usable outside of PowerShell
[0.251s] DEBUG:colcon.colcon_core.shell:Skip shell extension 'dsv' for command environment
[0.260s] DEBUG:colcon.colcon_core.event_handler.log_command:Invoking command in '/home/chaitu/workspace/ros2_ws/src/turtlesimsim_catch_them_all_cpp/build/turtlesimsim_catch_them_all_cpp': CMAKE_PREFIX_PATH=${CMAKE_PREFIX_PATH}:/home/chaitu/workspace/ros2_ws/install/urdf_tutorial_r2d2:/home/chaitu/workspace/ros2_ws/install/turtlesimsim_catch_them_all_py:/home/chaitu/workspace/ros2_ws/install/talker_listener:/home/chaitu/workspace/ros2_ws/install/my_py_pkg:/home/chaitu/workspace/ros2_ws/install/my_package:/home/chaitu/workspace/ros2_ws/install/lesson_urdf:/home/chaitu/workspace/ros2_ws/install/fibonacci_action:/home/chaitu/workspace/ros2_ws/install/add_integers:/opt/ros/foxy /usr/bin/cmake /home/chaitu/workspace/ros2_ws/src/turtlesimsim_catch_them_all_cpp -DCMAKE_INSTALL_PREFIX=/home/chaitu/workspace/ros2_ws/src/turtlesimsim_catch_them_all_cpp/install/turtlesimsim_catch_them_all_cpp
[1.790s] DEBUG:colcon.colcon_core.event_handler.log_command:Invoked command in '/home/chaitu/workspace/ros2_ws/src/turtlesimsim_catch_them_all_cpp/build/turtlesimsim_catch_them_all_cpp' returned '0': CMAKE_PREFIX_PATH=${CMAKE_PREFIX_PATH}:/home/chaitu/workspace/ros2_ws/install/urdf_tutorial_r2d2:/home/chaitu/workspace/ros2_ws/install/turtlesimsim_catch_them_all_py:/home/chaitu/workspace/ros2_ws/install/talker_listener:/home/chaitu/workspace/ros2_ws/install/my_py_pkg:/home/chaitu/workspace/ros2_ws/install/my_package:/home/chaitu/workspace/ros2_ws/install/lesson_urdf:/home/chaitu/workspace/ros2_ws/install/fibonacci_action:/home/chaitu/workspace/ros2_ws/install/add_integers:/opt/ros/foxy /usr/bin/cmake /home/chaitu/workspace/ros2_ws/src/turtlesimsim_catch_them_all_cpp -DCMAKE_INSTALL_PREFIX=/home/chaitu/workspace/ros2_ws/src/turtlesimsim_catch_them_all_cpp/install/turtlesimsim_catch_them_all_cpp
[1.793s] DEBUG:colcon.colcon_core.event_handler.log_command:Invoking command in '/home/chaitu/workspace/ros2_ws/src/turtlesimsim_catch_them_all_cpp/build/turtlesimsim_catch_them_all_cpp': CMAKE_PREFIX_PATH=${CMAKE_PREFIX_PATH}:/home/chaitu/workspace/ros2_ws/install/urdf_tutorial_r2d2:/home/chaitu/workspace/ros2_ws/install/turtlesimsim_catch_them_all_py:/home/chaitu/workspace/ros2_ws/install/talker_listener:/home/chaitu/workspace/ros2_ws/install/my_py_pkg:/home/chaitu/workspace/ros2_ws/install/my_package:/home/chaitu/workspace/ros2_ws/install/lesson_urdf:/home/chaitu/workspace/ros2_ws/install/fibonacci_action:/home/chaitu/workspace/ros2_ws/install/add_integers:/opt/ros/foxy /usr/bin/cmake --build /home/chaitu/workspace/ros2_ws/src/turtlesimsim_catch_them_all_cpp/build/turtlesimsim_catch_them_all_cpp -- -j8 -l8
[6.737s] DEBUG:colcon.colcon_core.event_handler.log_command:Invoked command in '/home/chaitu/workspace/ros2_ws/src/turtlesimsim_catch_them_all_cpp/build/turtlesimsim_catch_them_all_cpp' returned '0': CMAKE_PREFIX_PATH=${CMAKE_PREFIX_PATH}:/home/chaitu/workspace/ros2_ws/install/urdf_tutorial_r2d2:/home/chaitu/workspace/ros2_ws/install/turtlesimsim_catch_them_all_py:/home/chaitu/workspace/ros2_ws/install/talker_listener:/home/chaitu/workspace/ros2_ws/install/my_py_pkg:/home/chaitu/workspace/ros2_ws/install/my_package:/home/chaitu/workspace/ros2_ws/install/lesson_urdf:/home/chaitu/workspace/ros2_ws/install/fibonacci_action:/home/chaitu/workspace/ros2_ws/install/add_integers:/opt/ros/foxy /usr/bin/cmake --build /home/chaitu/workspace/ros2_ws/src/turtlesimsim_catch_them_all_cpp/build/turtlesimsim_catch_them_all_cpp -- -j8 -l8
[6.775s] DEBUG:colcon.colcon_core.event_handler.log_command:Invoking command in '/home/chaitu/workspace/ros2_ws/src/turtlesimsim_catch_them_all_cpp/build/turtlesimsim_catch_them_all_cpp': CMAKE_PREFIX_PATH=${CMAKE_PREFIX_PATH}:/home/chaitu/workspace/ros2_ws/install/urdf_tutorial_r2d2:/home/chaitu/workspace/ros2_ws/install/turtlesimsim_catch_them_all_py:/home/chaitu/workspace/ros2_ws/install/talker_listener:/home/chaitu/workspace/ros2_ws/install/my_py_pkg:/home/chaitu/workspace/ros2_ws/install/my_package:/home/chaitu/workspace/ros2_ws/install/lesson_urdf:/home/chaitu/workspace/ros2_ws/install/fibonacci_action:/home/chaitu/workspace/ros2_ws/install/add_integers:/opt/ros/foxy /usr/bin/cmake --install /home/chaitu/workspace/ros2_ws/src/turtlesimsim_catch_them_all_cpp/build/turtlesimsim_catch_them_all_cpp
[6.791s] Level 1:colcon.colcon_core.environment:create_environment_scripts_only(turtlesimsim_catch_them_all_cpp)
[6.792s] DEBUG:colcon.colcon_core.event_handler.log_command:Invoked command in '/home/chaitu/workspace/ros2_ws/src/turtlesimsim_catch_them_all_cpp/build/turtlesimsim_catch_them_all_cpp' returned '0': CMAKE_PREFIX_PATH=${CMAKE_PREFIX_PATH}:/home/chaitu/workspace/ros2_ws/install/urdf_tutorial_r2d2:/home/chaitu/workspace/ros2_ws/install/turtlesimsim_catch_them_all_py:/home/chaitu/workspace/ros2_ws/install/talker_listener:/home/chaitu/workspace/ros2_ws/install/my_py_pkg:/home/chaitu/workspace/ros2_ws/install/my_package:/home/chaitu/workspace/ros2_ws/install/lesson_urdf:/home/chaitu/workspace/ros2_ws/install/fibonacci_action:/home/chaitu/workspace/ros2_ws/install/add_integers:/opt/ros/foxy /usr/bin/cmake --install /home/chaitu/workspace/ros2_ws/src/turtlesimsim_catch_them_all_cpp/build/turtlesimsim_catch_them_all_cpp
[6.796s] Level 1:colcon.colcon_core.environment:checking '/home/chaitu/workspace/ros2_ws/src/turtlesimsim_catch_them_all_cpp/install/turtlesimsim_catch_them_all_cpp' for CMake module files
[6.797s] Level 1:colcon.colcon_core.environment:checking '/home/chaitu/workspace/ros2_ws/src/turtlesimsim_catch_them_all_cpp/install/turtlesimsim_catch_them_all_cpp' for CMake config files
[6.797s] Level 1:colcon.colcon_core.shell:create_environment_hook('turtlesimsim_catch_them_all_cpp', 'cmake_prefix_path')
[6.798s] INFO:colcon.colcon_core.shell:Creating environment hook '/home/chaitu/workspace/ros2_ws/src/turtlesimsim_catch_them_all_cpp/install/turtlesimsim_catch_them_all_cpp/share/turtlesimsim_catch_them_all_cpp/hook/cmake_prefix_path.ps1'
[6.798s] INFO:colcon.colcon_core.shell:Creating environment descriptor '/home/chaitu/workspace/ros2_ws/src/turtlesimsim_catch_them_all_cpp/install/turtlesimsim_catch_them_all_cpp/share/turtlesimsim_catch_them_all_cpp/hook/cmake_prefix_path.dsv'
[6.799s] INFO:colcon.colcon_core.shell:Creating environment hook '/home/chaitu/workspace/ros2_ws/src/turtlesimsim_catch_them_all_cpp/install/turtlesimsim_catch_them_all_cpp/share/turtlesimsim_catch_them_all_cpp/hook/cmake_prefix_path.sh'
[6.800s] Level 1:colcon.colcon_core.environment:checking '/home/chaitu/workspace/ros2_ws/src/turtlesimsim_catch_them_all_cpp/install/turtlesimsim_catch_them_all_cpp/lib'
[6.800s] Level 1:colcon.colcon_core.environment:checking '/home/chaitu/workspace/ros2_ws/src/turtlesimsim_catch_them_all_cpp/install/turtlesimsim_catch_them_all_cpp/bin'
[6.800s] Level 1:colcon.colcon_core.environment:checking '/home/chaitu/workspace/ros2_ws/src/turtlesimsim_catch_them_all_cpp/install/turtlesimsim_catch_them_all_cpp/lib/pkgconfig/turtlesimsim_catch_them_all_cpp.pc'
[6.800s] Level 1:colcon.colcon_core.environment:checking '/home/chaitu/workspace/ros2_ws/src/turtlesimsim_catch_them_all_cpp/install/turtlesimsim_catch_them_all_cpp/lib/python3.8/site-packages'
[6.801s] Level 1:colcon.colcon_core.environment:checking '/home/chaitu/workspace/ros2_ws/src/turtlesimsim_catch_them_all_cpp/install/turtlesimsim_catch_them_all_cpp/bin'
[6.801s] INFO:colcon.colcon_core.shell:Creating package script '/home/chaitu/workspace/ros2_ws/src/turtlesimsim_catch_them_all_cpp/install/turtlesimsim_catch_them_all_cpp/share/turtlesimsim_catch_them_all_cpp/package.ps1'
[6.802s] INFO:colcon.colcon_core.shell:Creating package descriptor '/home/chaitu/workspace/ros2_ws/src/turtlesimsim_catch_them_all_cpp/install/turtlesimsim_catch_them_all_cpp/share/turtlesimsim_catch_them_all_cpp/package.dsv'
[6.803s] INFO:colcon.colcon_core.shell:Creating package script '/home/chaitu/workspace/ros2_ws/src/turtlesimsim_catch_them_all_cpp/install/turtlesimsim_catch_them_all_cpp/share/turtlesimsim_catch_them_all_cpp/package.sh'
[6.803s] INFO:colcon.colcon_core.shell:Creating package script '/home/chaitu/workspace/ros2_ws/src/turtlesimsim_catch_them_all_cpp/install/turtlesimsim_catch_them_all_cpp/share/turtlesimsim_catch_them_all_cpp/package.bash'
[6.804s] INFO:colcon.colcon_core.shell:Creating package script '/home/chaitu/workspace/ros2_ws/src/turtlesimsim_catch_them_all_cpp/install/turtlesimsim_catch_them_all_cpp/share/turtlesimsim_catch_them_all_cpp/package.zsh'
[6.805s] Level 1:colcon.colcon_core.environment:create_file_with_runtime_dependencies(/home/chaitu/workspace/ros2_ws/src/turtlesimsim_catch_them_all_cpp/install/turtlesimsim_catch_them_all_cpp/share/colcon-core/packages/turtlesimsim_catch_them_all_cpp)
[6.831s] Level 1:colcon.colcon_core.environment:create_environment_scripts_only(turtlesimsim_catch_them_all_cpp)
[6.832s] Level 1:colcon.colcon_core.environment:checking '/home/chaitu/workspace/ros2_ws/src/turtlesimsim_catch_them_all_cpp/install/turtlesimsim_catch_them_all_cpp' for CMake module files
[6.832s] Level 1:colcon.colcon_core.environment:checking '/home/chaitu/workspace/ros2_ws/src/turtlesimsim_catch_them_all_cpp/install/turtlesimsim_catch_them_all_cpp' for CMake config files
[6.833s] Level 1:colcon.colcon_core.shell:create_environment_hook('turtlesimsim_catch_them_all_cpp', 'cmake_prefix_path')
[6.833s] INFO:colcon.colcon_core.shell:Creating environment hook '/home/chaitu/workspace/ros2_ws/src/turtlesimsim_catch_them_all_cpp/install/turtlesimsim_catch_them_all_cpp/share/turtlesimsim_catch_them_all_cpp/hook/cmake_prefix_path.ps1'
[6.834s] INFO:colcon.colcon_core.shell:Creating environment descriptor '/home/chaitu/workspace/ros2_ws/src/turtlesimsim_catch_them_all_cpp/install/turtlesimsim_catch_them_all_cpp/share/turtlesimsim_catch_them_all_cpp/hook/cmake_prefix_path.dsv'
[6.834s] INFO:colcon.colcon_core.shell:Creating environment hook '/home/chaitu/workspace/ros2_ws/src/turtlesimsim_catch_them_all_cpp/install/turtlesimsim_catch_them_all_cpp/share/turtlesimsim_catch_them_all_cpp/hook/cmake_prefix_path.sh'
[6.835s] Level 1:colcon.colcon_core.environment:checking '/home/chaitu/workspace/ros2_ws/src/turtlesimsim_catch_them_all_cpp/install/turtlesimsim_catch_them_all_cpp/lib'
[6.835s] Level 1:colcon.colcon_core.environment:checking '/home/chaitu/workspace/ros2_ws/src/turtlesimsim_catch_them_all_cpp/install/turtlesimsim_catch_them_all_cpp/bin'
[6.835s] Level 1:colcon.colcon_core.environment:checking '/home/chaitu/workspace/ros2_ws/src/turtlesimsim_catch_them_all_cpp/install/turtlesimsim_catch_them_all_cpp/lib/pkgconfig/turtlesimsim_catch_them_all_cpp.pc'
[6.835s] Level 1:colcon.colcon_core.environment:checking '/home/chaitu/workspace/ros2_ws/src/turtlesimsim_catch_them_all_cpp/install/turtlesimsim_catch_them_all_cpp/lib/python3.8/site-packages'
[6.835s] Level 1:colcon.colcon_core.environment:checking '/home/chaitu/workspace/ros2_ws/src/turtlesimsim_catch_them_all_cpp/install/turtlesimsim_catch_them_all_cpp/bin'
[6.836s] INFO:colcon.colcon_core.shell:Creating package script '/home/chaitu/workspace/ros2_ws/src/turtlesimsim_catch_them_all_cpp/install/turtlesimsim_catch_them_all_cpp/share/turtlesimsim_catch_them_all_cpp/package.ps1'
[6.837s] INFO:colcon.colcon_core.shell:Creating package descriptor '/home/chaitu/workspace/ros2_ws/src/turtlesimsim_catch_them_all_cpp/install/turtlesimsim_catch_them_all_cpp/share/turtlesimsim_catch_them_all_cpp/package.dsv'
[6.837s] INFO:colcon.colcon_core.shell:Creating package script '/home/chaitu/workspace/ros2_ws/src/turtlesimsim_catch_them_all_cpp/install/turtlesimsim_catch_them_all_cpp/share/turtlesimsim_catch_them_all_cpp/package.sh'
[6.838s] INFO:colcon.colcon_core.shell:Creating package script '/home/chaitu/workspace/ros2_ws/src/turtlesimsim_catch_them_all_cpp/install/turtlesimsim_catch_them_all_cpp/share/turtlesimsim_catch_them_all_cpp/package.bash'
[6.838s] INFO:colcon.colcon_core.shell:Creating package script '/home/chaitu/workspace/ros2_ws/src/turtlesimsim_catch_them_all_cpp/install/turtlesimsim_catch_them_all_cpp/share/turtlesimsim_catch_them_all_cpp/package.zsh'
[6.838s] Level 1:colcon.colcon_core.environment:create_file_with_runtime_dependencies(/home/chaitu/workspace/ros2_ws/src/turtlesimsim_catch_them_all_cpp/install/turtlesimsim_catch_them_all_cpp/share/colcon-core/packages/turtlesimsim_catch_them_all_cpp)
[6.839s] DEBUG:colcon.colcon_parallel_executor.executor.parallel:closing loop
[6.839s] DEBUG:colcon.colcon_parallel_executor.executor.parallel:loop closed
[6.839s] DEBUG:colcon.colcon_parallel_executor.executor.parallel:run_until_complete finished with '0'
[6.839s] DEBUG:colcon.colcon_core.event_reactor:joining thread
[6.846s] INFO:colcon.colcon_core.plugin_system:Skipping extension 'colcon_notification.desktop_notification.terminal_notifier': Not used on non-Darwin systems
[6.846s] INFO:colcon.colcon_core.plugin_system:Skipping extension 'colcon_notification.desktop_notification.win32': Not used on non-Windows systems
[6.846s] INFO:colcon.colcon_notification.desktop_notification:Sending desktop notification using 'notify2'
[6.867s] DEBUG:colcon.colcon_core.event_reactor:joined thread
[6.868s] INFO:colcon.colcon_core.shell:Creating prefix script '/home/chaitu/workspace/ros2_ws/src/turtlesimsim_catch_them_all_cpp/install/local_setup.ps1'
[6.869s] INFO:colcon.colcon_core.shell:Creating prefix util module '/home/chaitu/workspace/ros2_ws/src/turtlesimsim_catch_them_all_cpp/install/_local_setup_util_ps1.py'
[6.871s] INFO:colcon.colcon_core.shell:Creating prefix chain script '/home/chaitu/workspace/ros2_ws/src/turtlesimsim_catch_them_all_cpp/install/setup.ps1'
[6.873s] INFO:colcon.colcon_core.shell:Creating prefix script '/home/chaitu/workspace/ros2_ws/src/turtlesimsim_catch_them_all_cpp/install/local_setup.sh'
[6.873s] INFO:colcon.colcon_core.shell:Creating prefix util module '/home/chaitu/workspace/ros2_ws/src/turtlesimsim_catch_them_all_cpp/install/_local_setup_util_sh.py'
[6.874s] INFO:colcon.colcon_core.shell:Creating prefix chain script '/home/chaitu/workspace/ros2_ws/src/turtlesimsim_catch_them_all_cpp/install/setup.sh'
[6.876s] INFO:colcon.colcon_core.shell:Creating prefix script '/home/chaitu/workspace/ros2_ws/src/turtlesimsim_catch_them_all_cpp/install/local_setup.bash'
[6.877s] INFO:colcon.colcon_core.shell:Creating prefix chain script '/home/chaitu/workspace/ros2_ws/src/turtlesimsim_catch_them_all_cpp/install/setup.bash'
[6.878s] INFO:colcon.colcon_core.shell:Creating prefix script '/home/chaitu/workspace/ros2_ws/src/turtlesimsim_catch_them_all_cpp/install/local_setup.zsh'
[6.879s] INFO:colcon.colcon_core.shell:Creating prefix chain script '/home/chaitu/workspace/ros2_ws/src/turtlesimsim_catch_them_all_cpp/install/setup.zsh'
