[0.010s] Invoking command in '/home/chaitu/workspace/ros2_ws/src/turtlesimsim_catch_them_all_cpp/build/turtlesimsim_catch_them_all_cpp': CMAKE_PREFIX_PATH=${CMAKE_PREFIX_PATH}:/home/chaitu/workspace/ros2_ws/install/urdf_tutorial_r2d2:/home/chaitu/workspace/ros2_ws/install/turtlesimsim_catch_them_all_py:/home/chaitu/workspace/ros2_ws/install/talker_listener:/home/chaitu/workspace/ros2_ws/install/my_py_pkg:/home/chaitu/workspace/ros2_ws/install/my_package:/home/chaitu/workspace/ros2_ws/install/lesson_urdf:/home/chaitu/workspace/ros2_ws/install/fibonacci_action:/home/chaitu/workspace/ros2_ws/install/add_integers:/opt/ros/foxy /usr/bin/cmake /home/chaitu/workspace/ros2_ws/src/turtlesimsim_catch_them_all_cpp -DCMAKE_INSTALL_PREFIX=/home/chaitu/workspace/ros2_ws/src/turtlesimsim_catch_them_all_cpp/install/turtlesimsim_catch_them_all_cpp
[0.069s] -- The C compiler identification is GNU 9.4.0
[0.124s] -- The CXX compiler identification is GNU 9.4.0
[0.129s] -- Check for working C compiler: /usr/bin/cc
[0.197s] -- Check for working C compiler: /usr/bin/cc -- works
[0.198s] -- Detecting C compiler ABI info
[0.265s] -- Detecting C compiler ABI info - done
[0.277s] -- Detecting C compile features
[0.277s] -- Detecting C compile features - done
[0.279s] -- Check for working CXX compiler: /usr/bin/c++
[0.348s] -- Check for working CXX compiler: /usr/bin/c++ -- works
[0.349s] -- Detecting CXX compiler ABI info
[0.422s] -- Detecting CXX compiler ABI info - done
[0.434s] -- Detecting CXX compile features
[0.434s] -- Detecting CXX compile features - done
[0.437s] -- Found ament_cmake: 0.9.9 (/opt/ros/foxy/share/ament_cmake/cmake)
[0.468s] -- Found PythonInterp: /usr/bin/python3 (found suitable version "3.8.10", minimum required is "3") 
[0.468s] -- Using PYTHON_EXECUTABLE: /usr/bin/python3
[0.675s] -- Found rclcpp: 2.4.1 (/opt/ros/foxy/share/rclcpp/cmake)
[0.718s] -- Using all available rosidl_typesupport_c: rosidl_typesupport_fastrtps_c;rosidl_typesupport_introspection_c
[0.725s] -- Found rosidl_adapter: 1.2.1 (/opt/ros/foxy/share/rosidl_adapter/cmake)
[0.792s] -- Found OpenSSL: /usr/lib/x86_64-linux-gnu/libcrypto.so (found version "1.1.1f")  
[0.820s] -- Found FastRTPS: /opt/ros/foxy/include  
[0.889s] -- Using all available rosidl_typesupport_cpp: rosidl_typesupport_fastrtps_cpp;rosidl_typesupport_introspection_cpp
[0.940s] -- Found rmw_implementation_cmake: 1.0.3 (/opt/ros/foxy/share/rmw_implementation_cmake/cmake)
[0.941s] -- Using RMW implementation 'rmw_fastrtps_cpp' as default
[0.942s] -- Looking for pthread.h
[1.002s] -- Looking for pthread.h - found
[1.003s] -- Performing Test CMAKE_HAVE_LIBC_PTHREAD
[1.073s] -- Performing Test CMAKE_HAVE_LIBC_PTHREAD - Failed
[1.073s] -- Looking for pthread_create in pthreads
[1.133s] -- Looking for pthread_create in pthreads - not found
[1.133s] -- Looking for pthread_create in pthread
[1.203s] -- Looking for pthread_create in pthread - found
[1.204s] -- Found Threads: TRUE  
[1.349s] -- Found turtlesim: 1.2.5 (/opt/ros/foxy/share/turtlesim/cmake)
[1.441s] -- Found geometry_msgs: 2.0.5 (/opt/ros/foxy/share/geometry_msgs/cmake)
[1.524s] -- Configuring done
[1.532s] -- Generating done
[1.533s] -- Build files have been written to: /home/chaitu/workspace/ros2_ws/src/turtlesimsim_catch_them_all_cpp/build/turtlesimsim_catch_them_all_cpp
[1.541s] Invoked command in '/home/chaitu/workspace/ros2_ws/src/turtlesimsim_catch_them_all_cpp/build/turtlesimsim_catch_them_all_cpp' returned '0': CMAKE_PREFIX_PATH=${CMAKE_PREFIX_PATH}:/home/chaitu/workspace/ros2_ws/install/urdf_tutorial_r2d2:/home/chaitu/workspace/ros2_ws/install/turtlesimsim_catch_them_all_py:/home/chaitu/workspace/ros2_ws/install/talker_listener:/home/chaitu/workspace/ros2_ws/install/my_py_pkg:/home/chaitu/workspace/ros2_ws/install/my_package:/home/chaitu/workspace/ros2_ws/install/lesson_urdf:/home/chaitu/workspace/ros2_ws/install/fibonacci_action:/home/chaitu/workspace/ros2_ws/install/add_integers:/opt/ros/foxy /usr/bin/cmake /home/chaitu/workspace/ros2_ws/src/turtlesimsim_catch_them_all_cpp -DCMAKE_INSTALL_PREFIX=/home/chaitu/workspace/ros2_ws/src/turtlesimsim_catch_them_all_cpp/install/turtlesimsim_catch_them_all_cpp
[1.544s] Invoking command in '/home/chaitu/workspace/ros2_ws/src/turtlesimsim_catch_them_all_cpp/build/turtlesimsim_catch_them_all_cpp': CMAKE_PREFIX_PATH=${CMAKE_PREFIX_PATH}:/home/chaitu/workspace/ros2_ws/install/urdf_tutorial_r2d2:/home/chaitu/workspace/ros2_ws/install/turtlesimsim_catch_them_all_py:/home/chaitu/workspace/ros2_ws/install/talker_listener:/home/chaitu/workspace/ros2_ws/install/my_py_pkg:/home/chaitu/workspace/ros2_ws/install/my_package:/home/chaitu/workspace/ros2_ws/install/lesson_urdf:/home/chaitu/workspace/ros2_ws/install/fibonacci_action:/home/chaitu/workspace/ros2_ws/install/add_integers:/opt/ros/foxy /usr/bin/cmake --build /home/chaitu/workspace/ros2_ws/src/turtlesimsim_catch_them_all_cpp/build/turtlesimsim_catch_them_all_cpp -- -j8 -l8
[1.581s] [35m[1mScanning dependencies of target turtle_controller[0m
[1.614s] [ 50%] [32mBuilding CXX object CMakeFiles/turtle_controller.dir/src/turtle_controller.cpp.o[0m
[6.219s] [100%] [32m[1mLinking CXX executable turtle_controller[0m
[6.476s] [100%] Built target turtle_controller
[6.488s] Invoked command in '/home/chaitu/workspace/ros2_ws/src/turtlesimsim_catch_them_all_cpp/build/turtlesimsim_catch_them_all_cpp' returned '0': CMAKE_PREFIX_PATH=${CMAKE_PREFIX_PATH}:/home/chaitu/workspace/ros2_ws/install/urdf_tutorial_r2d2:/home/chaitu/workspace/ros2_ws/install/turtlesimsim_catch_them_all_py:/home/chaitu/workspace/ros2_ws/install/talker_listener:/home/chaitu/workspace/ros2_ws/install/my_py_pkg:/home/chaitu/workspace/ros2_ws/install/my_package:/home/chaitu/workspace/ros2_ws/install/lesson_urdf:/home/chaitu/workspace/ros2_ws/install/fibonacci_action:/home/chaitu/workspace/ros2_ws/install/add_integers:/opt/ros/foxy /usr/bin/cmake --build /home/chaitu/workspace/ros2_ws/src/turtlesimsim_catch_them_all_cpp/build/turtlesimsim_catch_them_all_cpp -- -j8 -l8
[6.526s] Invoking command in '/home/chaitu/workspace/ros2_ws/src/turtlesimsim_catch_them_all_cpp/build/turtlesimsim_catch_them_all_cpp': CMAKE_PREFIX_PATH=${CMAKE_PREFIX_PATH}:/home/chaitu/workspace/ros2_ws/install/urdf_tutorial_r2d2:/home/chaitu/workspace/ros2_ws/install/turtlesimsim_catch_them_all_py:/home/chaitu/workspace/ros2_ws/install/talker_listener:/home/chaitu/workspace/ros2_ws/install/my_py_pkg:/home/chaitu/workspace/ros2_ws/install/my_package:/home/chaitu/workspace/ros2_ws/install/lesson_urdf:/home/chaitu/workspace/ros2_ws/install/fibonacci_action:/home/chaitu/workspace/ros2_ws/install/add_integers:/opt/ros/foxy /usr/bin/cmake --install /home/chaitu/workspace/ros2_ws/src/turtlesimsim_catch_them_all_cpp/build/turtlesimsim_catch_them_all_cpp
[6.535s] -- Install configuration: ""
[6.535s] -- Installing: /home/chaitu/workspace/ros2_ws/src/turtlesimsim_catch_them_all_cpp/install/turtlesimsim_catch_them_all_cpp/lib/turtlesimsim_catch_them_all_cpp/turtle_controller
[6.537s] -- Set runtime path of "/home/chaitu/workspace/ros2_ws/src/turtlesimsim_catch_them_all_cpp/install/turtlesimsim_catch_them_all_cpp/lib/turtlesimsim_catch_them_all_cpp/turtle_controller" to ""
[6.537s] -- Installing: /home/chaitu/workspace/ros2_ws/src/turtlesimsim_catch_them_all_cpp/install/turtlesimsim_catch_them_all_cpp/share/ament_index/resource_index/package_run_dependencies/turtlesimsim_catch_them_all_cpp
[6.537s] -- Installing: /home/chaitu/workspace/ros2_ws/src/turtlesimsim_catch_them_all_cpp/install/turtlesimsim_catch_them_all_cpp/share/ament_index/resource_index/parent_prefix_path/turtlesimsim_catch_them_all_cpp
[6.537s] -- Installing: /home/chaitu/workspace/ros2_ws/src/turtlesimsim_catch_them_all_cpp/install/turtlesimsim_catch_them_all_cpp/share/turtlesimsim_catch_them_all_cpp/environment/ament_prefix_path.sh
[6.538s] -- Installing: /home/chaitu/workspace/ros2_ws/src/turtlesimsim_catch_them_all_cpp/install/turtlesimsim_catch_them_all_cpp/share/turtlesimsim_catch_them_all_cpp/environment/ament_prefix_path.dsv
[6.538s] -- Installing: /home/chaitu/workspace/ros2_ws/src/turtlesimsim_catch_them_all_cpp/install/turtlesimsim_catch_them_all_cpp/share/turtlesimsim_catch_them_all_cpp/environment/path.sh
[6.538s] -- Installing: /home/chaitu/workspace/ros2_ws/src/turtlesimsim_catch_them_all_cpp/install/turtlesimsim_catch_them_all_cpp/share/turtlesimsim_catch_them_all_cpp/environment/path.dsv
[6.538s] -- Installing: /home/chaitu/workspace/ros2_ws/src/turtlesimsim_catch_them_all_cpp/install/turtlesimsim_catch_them_all_cpp/share/turtlesimsim_catch_them_all_cpp/local_setup.bash
[6.538s] -- Installing: /home/chaitu/workspace/ros2_ws/src/turtlesimsim_catch_them_all_cpp/install/turtlesimsim_catch_them_all_cpp/share/turtlesimsim_catch_them_all_cpp/local_setup.sh
[6.538s] -- Installing: /home/chaitu/workspace/ros2_ws/src/turtlesimsim_catch_them_all_cpp/install/turtlesimsim_catch_them_all_cpp/share/turtlesimsim_catch_them_all_cpp/local_setup.zsh
[6.539s] -- Installing: /home/chaitu/workspace/ros2_ws/src/turtlesimsim_catch_them_all_cpp/install/turtlesimsim_catch_them_all_cpp/share/turtlesimsim_catch_them_all_cpp/local_setup.dsv
[6.539s] -- Installing: /home/chaitu/workspace/ros2_ws/src/turtlesimsim_catch_them_all_cpp/install/turtlesimsim_catch_them_all_cpp/share/turtlesimsim_catch_them_all_cpp/package.dsv
[6.539s] -- Installing: /home/chaitu/workspace/ros2_ws/src/turtlesimsim_catch_them_all_cpp/install/turtlesimsim_catch_them_all_cpp/share/ament_index/resource_index/packages/turtlesimsim_catch_them_all_cpp
[6.539s] -- Installing: /home/chaitu/workspace/ros2_ws/src/turtlesimsim_catch_them_all_cpp/install/turtlesimsim_catch_them_all_cpp/share/turtlesimsim_catch_them_all_cpp/cmake/turtlesimsim_catch_them_all_cppConfig.cmake
[6.539s] -- Installing: /home/chaitu/workspace/ros2_ws/src/turtlesimsim_catch_them_all_cpp/install/turtlesimsim_catch_them_all_cpp/share/turtlesimsim_catch_them_all_cpp/cmake/turtlesimsim_catch_them_all_cppConfig-version.cmake
[6.540s] -- Installing: /home/chaitu/workspace/ros2_ws/src/turtlesimsim_catch_them_all_cpp/install/turtlesimsim_catch_them_all_cpp/share/turtlesimsim_catch_them_all_cpp/package.xml
[6.542s] Invoked command in '/home/chaitu/workspace/ros2_ws/src/turtlesimsim_catch_them_all_cpp/build/turtlesimsim_catch_them_all_cpp' returned '0': CMAKE_PREFIX_PATH=${CMAKE_PREFIX_PATH}:/home/chaitu/workspace/ros2_ws/install/urdf_tutorial_r2d2:/home/chaitu/workspace/ros2_ws/install/turtlesimsim_catch_them_all_py:/home/chaitu/workspace/ros2_ws/install/talker_listener:/home/chaitu/workspace/ros2_ws/install/my_py_pkg:/home/chaitu/workspace/ros2_ws/install/my_package:/home/chaitu/workspace/ros2_ws/install/lesson_urdf:/home/chaitu/workspace/ros2_ws/install/fibonacci_action:/home/chaitu/workspace/ros2_ws/install/add_integers:/opt/ros/foxy /usr/bin/cmake --install /home/chaitu/workspace/ros2_ws/src/turtlesimsim_catch_them_all_cpp/build/turtlesimsim_catch_them_all_cpp
