[0.011s] Invoking command in '/home/chaitu/workspace/ros2_ws/src/turtlesimsim_catch_them_all_cpp/build/turtlesimsim_catch_them_all_cpp': CMAKE_PREFIX_PATH=${CMAKE_PREFIX_PATH}:/home/chaitu/workspace/ros2_ws/install/urdf_tutorial_r2d2:/home/chaitu/workspace/ros2_ws/install/turtlesimsim_catch_them_all_py:/home/chaitu/workspace/ros2_ws/install/talker_listener:/home/chaitu/workspace/ros2_ws/install/my_py_pkg:/home/chaitu/workspace/ros2_ws/install/my_package:/home/chaitu/workspace/ros2_ws/install/lesson_urdf:/home/chaitu/workspace/ros2_ws/install/fibonacci_action:/home/chaitu/workspace/ros2_ws/install/add_integers:/opt/ros/foxy /usr/bin/cmake --build /home/chaitu/workspace/ros2_ws/src/turtlesimsim_catch_them_all_cpp/build/turtlesimsim_catch_them_all_cpp -- -j8 -l8
[0.052s] [35m[1mScanning dependencies of target turtle_controller[0m
[0.074s] [ 50%] [32mBuilding CXX object CMakeFiles/turtle_controller.dir/src/turtle_controller.cpp.o[0m
[5.044s] [100%] [32m[1mLinking CXX executable turtle_controller[0m
[5.327s] [100%] Built target turtle_controller
[5.339s] Invoked command in '/home/chaitu/workspace/ros2_ws/src/turtlesimsim_catch_them_all_cpp/build/turtlesimsim_catch_them_all_cpp' returned '0': CMAKE_PREFIX_PATH=${CMAKE_PREFIX_PATH}:/home/chaitu/workspace/ros2_ws/install/urdf_tutorial_r2d2:/home/chaitu/workspace/ros2_ws/install/turtlesimsim_catch_them_all_py:/home/chaitu/workspace/ros2_ws/install/talker_listener:/home/chaitu/workspace/ros2_ws/install/my_py_pkg:/home/chaitu/workspace/ros2_ws/install/my_package:/home/chaitu/workspace/ros2_ws/install/lesson_urdf:/home/chaitu/workspace/ros2_ws/install/fibonacci_action:/home/chaitu/workspace/ros2_ws/install/add_integers:/opt/ros/foxy /usr/bin/cmake --build /home/chaitu/workspace/ros2_ws/src/turtlesimsim_catch_them_all_cpp/build/turtlesimsim_catch_them_all_cpp -- -j8 -l8
[5.379s] Invoking command in '/home/chaitu/workspace/ros2_ws/src/turtlesimsim_catch_them_all_cpp/build/turtlesimsim_catch_them_all_cpp': CMAKE_PREFIX_PATH=${CMAKE_PREFIX_PATH}:/home/chaitu/workspace/ros2_ws/install/urdf_tutorial_r2d2:/home/chaitu/workspace/ros2_ws/install/turtlesimsim_catch_them_all_py:/home/chaitu/workspace/ros2_ws/install/talker_listener:/home/chaitu/workspace/ros2_ws/install/my_py_pkg:/home/chaitu/workspace/ros2_ws/install/my_package:/home/chaitu/workspace/ros2_ws/install/lesson_urdf:/home/chaitu/workspace/ros2_ws/install/fibonacci_action:/home/chaitu/workspace/ros2_ws/install/add_integers:/opt/ros/foxy /usr/bin/cmake --install /home/chaitu/workspace/ros2_ws/src/turtlesimsim_catch_them_all_cpp/build/turtlesimsim_catch_them_all_cpp
[5.389s] -- Install configuration: ""
[5.389s] -- Installing: /home/chaitu/workspace/ros2_ws/src/turtlesimsim_catch_them_all_cpp/install/turtlesimsim_catch_them_all_cpp/lib/turtlesimsim_catch_them_all_cpp/turtle_controller
[5.391s] -- Set runtime path of "/home/chaitu/workspace/ros2_ws/src/turtlesimsim_catch_them_all_cpp/install/turtlesimsim_catch_them_all_cpp/lib/turtlesimsim_catch_them_all_cpp/turtle_controller" to ""
[5.391s] -- Up-to-date: /home/chaitu/workspace/ros2_ws/src/turtlesimsim_catch_them_all_cpp/install/turtlesimsim_catch_them_all_cpp/share/ament_index/resource_index/package_run_dependencies/turtlesimsim_catch_them_all_cpp
[5.392s] -- Up-to-date: /home/chaitu/workspace/ros2_ws/src/turtlesimsim_catch_them_all_cpp/install/turtlesimsim_catch_them_all_cpp/share/ament_index/resource_index/parent_prefix_path/turtlesimsim_catch_them_all_cpp
[5.392s] -- Up-to-date: /home/chaitu/workspace/ros2_ws/src/turtlesimsim_catch_them_all_cpp/install/turtlesimsim_catch_them_all_cpp/share/turtlesimsim_catch_them_all_cpp/environment/ament_prefix_path.sh
[5.392s] -- Up-to-date: /home/chaitu/workspace/ros2_ws/src/turtlesimsim_catch_them_all_cpp/install/turtlesimsim_catch_them_all_cpp/share/turtlesimsim_catch_them_all_cpp/environment/ament_prefix_path.dsv
[5.392s] -- Up-to-date: /home/chaitu/workspace/ros2_ws/src/turtlesimsim_catch_them_all_cpp/install/turtlesimsim_catch_them_all_cpp/share/turtlesimsim_catch_them_all_cpp/environment/path.sh
[5.392s] -- Up-to-date: /home/chaitu/workspace/ros2_ws/src/turtlesimsim_catch_them_all_cpp/install/turtlesimsim_catch_them_all_cpp/share/turtlesimsim_catch_them_all_cpp/environment/path.dsv
[5.392s] -- Up-to-date: /home/chaitu/workspace/ros2_ws/src/turtlesimsim_catch_them_all_cpp/install/turtlesimsim_catch_them_all_cpp/share/turtlesimsim_catch_them_all_cpp/local_setup.bash
[5.392s] -- Up-to-date: /home/chaitu/workspace/ros2_ws/src/turtlesimsim_catch_them_all_cpp/install/turtlesimsim_catch_them_all_cpp/share/turtlesimsim_catch_them_all_cpp/local_setup.sh
[5.393s] -- Up-to-date: /home/chaitu/workspace/ros2_ws/src/turtlesimsim_catch_them_all_cpp/install/turtlesimsim_catch_them_all_cpp/share/turtlesimsim_catch_them_all_cpp/local_setup.zsh
[5.393s] -- Up-to-date: /home/chaitu/workspace/ros2_ws/src/turtlesimsim_catch_them_all_cpp/install/turtlesimsim_catch_them_all_cpp/share/turtlesimsim_catch_them_all_cpp/local_setup.dsv
[5.393s] -- Installing: /home/chaitu/workspace/ros2_ws/src/turtlesimsim_catch_them_all_cpp/install/turtlesimsim_catch_them_all_cpp/share/turtlesimsim_catch_them_all_cpp/package.dsv
[5.393s] -- Up-to-date: /home/chaitu/workspace/ros2_ws/src/turtlesimsim_catch_them_all_cpp/install/turtlesimsim_catch_them_all_cpp/share/ament_index/resource_index/packages/turtlesimsim_catch_them_all_cpp
[5.393s] -- Up-to-date: /home/chaitu/workspace/ros2_ws/src/turtlesimsim_catch_them_all_cpp/install/turtlesimsim_catch_them_all_cpp/share/turtlesimsim_catch_them_all_cpp/cmake/turtlesimsim_catch_them_all_cppConfig.cmake
[5.393s] -- Up-to-date: /home/chaitu/workspace/ros2_ws/src/turtlesimsim_catch_them_all_cpp/install/turtlesimsim_catch_them_all_cpp/share/turtlesimsim_catch_them_all_cpp/cmake/turtlesimsim_catch_them_all_cppConfig-version.cmake
[5.393s] -- Up-to-date: /home/chaitu/workspace/ros2_ws/src/turtlesimsim_catch_them_all_cpp/install/turtlesimsim_catch_them_all_cpp/share/turtlesimsim_catch_them_all_cpp/package.xml
[5.395s] Invoked command in '/home/chaitu/workspace/ros2_ws/src/turtlesimsim_catch_them_all_cpp/build/turtlesimsim_catch_them_all_cpp' returned '0': CMAKE_PREFIX_PATH=${CMAKE_PREFIX_PATH}:/home/chaitu/workspace/ros2_ws/install/urdf_tutorial_r2d2:/home/chaitu/workspace/ros2_ws/install/turtlesimsim_catch_them_all_py:/home/chaitu/workspace/ros2_ws/install/talker_listener:/home/chaitu/workspace/ros2_ws/install/my_py_pkg:/home/chaitu/workspace/ros2_ws/install/my_package:/home/chaitu/workspace/ros2_ws/install/lesson_urdf:/home/chaitu/workspace/ros2_ws/install/fibonacci_action:/home/chaitu/workspace/ros2_ws/install/add_integers:/opt/ros/foxy /usr/bin/cmake --install /home/chaitu/workspace/ros2_ws/src/turtlesimsim_catch_them_all_cpp/build/turtlesimsim_catch_them_all_cpp
